<?xml version="1.0" encoding="utf-8"?><testsuites name="pytest tests"><testsuite name="pytest" errors="0" failures="0" skipped="0" tests="46" time="1.024" timestamp="2026-01-20T23:36:42.577646+01:00" hostname="MacBook-Pro-Oksana.local"><testcase classname="tests.test_agent.TestTemplateAgent" name="test_agent_initializes_with_settings" time="0.716" /><testcase classname="tests.test_agent.TestTemplateAgent" name="test_generate_template_returns_response" time="0.009" /><testcase classname="tests.test_agent.TestTemplateAgent" name="test_generate_template_raises_on_invalid_response" time="0.016" /><testcase classname="tests.test_agent.TestCreateTemplateAgent" name="test_creates_singleton_instance" time="0.001" /><testcase classname="tests.test_api.TestHealthEndpoint" name="test_health_returns_200" time="0.019" /><testcase classname="tests.test_api.TestGenerateEndpoint" name="test_generate_validates_empty_prompt" time="0.005" /><testcase classname="tests.test_api.TestGenerateEndpoint" name="test_generate_validates_missing_prompt" time="0.003" /><testcase classname="tests.test_api.TestGenerateEndpoint" name="test_generate_returns_structured_response" time="0.005" /><testcase classname="tests.test_api.TestScalarDocs" name="test_scalar_endpoint_exists" time="0.003" /><testcase classname="tests.test_api.TestScalarDocs" name="test_root_redirects_to_info" time="0.003" /><testcase classname="tests.test_config.TestSettings" name="test_settings_loads_from_env" time="0.001" /><testcase classname="tests.test_config.TestSettings" name="test_settings_uses_defaults" time="0.001" /><testcase classname="tests.test_config.TestSettings" name="test_secret_str_hides_api_key" time="0.001" /><testcase classname="tests.test_config.TestSettings" name="test_get_settings_is_cached" time="0.001" /><testcase classname="tests.test_errors.TestProblemDetailsSchema" name="test_problem_details_schema_valid" time="0.000" /><testcase classname="tests.test_errors.TestProblemDetailsSchema" name="test_problem_details_rejects_non_error_status" time="0.000" /><testcase classname="tests.test_errors.TestProblemDetailsSchema" name="test_problem_details_accepts_4xx_status" time="0.000" /><testcase classname="tests.test_errors.TestProblemDetailsSchema" name="test_problem_details_accepts_5xx_status" time="0.000" /><testcase classname="tests.test_errors.TestProblemDetailsSchema" name="test_problem_details_serialization" time="0.000" /><testcase classname="tests.test_errors.TestCustomExceptions" name="test_validation_error_defaults" time="0.000" /><testcase classname="tests.test_errors.TestCustomExceptions" name="test_template_generation_error_defaults" time="0.000" /><testcase classname="tests.test_errors.TestCustomExceptions" name="test_llm_provider_error_defaults" time="0.000" /><testcase classname="tests.test_errors.TestCustomExceptions" name="test_template_parsing_error_defaults" time="0.000" /><testcase classname="tests.test_errors.TestCustomExceptions" name="test_configuration_error_defaults" time="0.000" /><testcase classname="tests.test_errors.TestCustomExceptions" name="test_base_exception_inheritance" time="0.000" /><testcase classname="tests.test_errors.TestGlobalExceptionHandlers" name="test_validation_error_returns_problem_details" time="0.004" /><testcase classname="tests.test_errors.TestGlobalExceptionHandlers" name="test_validation_error_empty_prompt" time="0.003" /><testcase classname="tests.test_errors.TestGlobalExceptionHandlers" name="test_validation_error_prompt_too_long" time="0.004" /><testcase classname="tests.test_errors.TestGlobalExceptionHandlers" name="test_llm_provider_error_returns_problem_details" time="0.012" /><testcase classname="tests.test_errors.TestGlobalExceptionHandlers" name="test_parsing_error_returns_problem_details" time="0.008" /><testcase classname="tests.test_errors.TestGlobalExceptionHandlers" name="test_unhandled_exception_returns_generic_error" time="0.008" /><testcase classname="tests.test_errors.TestGlobalExceptionHandlers" name="test_404_returns_problem_details" time="0.002" /><testcase classname="tests.test_errors.TestGlobalExceptionHandlers" name="test_health_endpoint_success_not_problem_details" time="0.003" /><testcase classname="tests.test_errors.TestProblemDetailsNoInformationLeakage" name="test_error_does_not_expose_api_keys" time="0.004" /><testcase classname="tests.test_errors.TestProblemDetailsNoInformationLeakage" name="test_error_does_not_expose_file_paths" time="0.004" /><testcase classname="tests.test_errors.TestProblemDetailsNoInformationLeakage" name="test_error_does_not_expose_stack_traces" time="0.008" /><testcase classname="tests.test_errors.TestProblemDetailsNoInformationLeakage" name="test_error_does_not_expose_internal_class_names" time="0.004" /><testcase classname="tests.test_streaming.TestStreamEventModels" name="test_stream_event_serialization" time="0.001" /><testcase classname="tests.test_streaming.TestStreamEventModels" name="test_stream_event_thinking_type" time="0.000" /><testcase classname="tests.test_streaming.TestStreamEventModels" name="test_stream_event_template_type_with_dict" time="0.000" /><testcase classname="tests.test_streaming.TestStreamEventModels" name="test_all_event_types_exist" time="0.000" /><testcase classname="tests.test_streaming.TestStreamingTemplateResponse" name="test_streaming_response_with_template" time="0.000" /><testcase classname="tests.test_streaming.TestStreamingTemplateAgent" name="test_generate_template_stream_yields_events" time="0.006" /><testcase classname="tests.test_streaming.TestStreamingTemplateAgent" name="test_generate_template_stream_handles_error" time="0.009" /><testcase classname="tests.test_streaming.TestStreamingTemplateAgent" name="test_parse_response_extracts_template_and_explanation" time="0.002" /><testcase classname="tests.test_streaming.TestCreateStreamingTemplateAgent" name="test_creates_singleton_instance" time="0.002" /></testsuite></testsuites>